MariaDB [(none)]> source CriaBanco.sql
Query OK, 1 row affected (0.040 sec)

Database changed
Query OK, 0 rows affected (0.362 sec)

Query OK, 0 rows affected (0.655 sec)

Query OK, 6 rows affected (0.343 sec)
Records: 6  Duplicates: 0  Warnings: 0

Query OK, 6 rows affected (0.096 sec)
Records: 6  Duplicates: 0  Warnings: 0

+----------+------------------------+-------+-----------+
| codMidia | titulo                 | valor | codGenero |
+----------+------------------------+-------+-----------+
|        1 | Sexta-feira 13 parte I |  2.87 |         1 |
|        2 | Férias frustradas      |  1.65 |         2 |
|        3 | Outubro                |  1.99 |         3 |
|        4 | Maquina Mortífera      |  3.88 |         4 |
|        5 | Frosen                 |  0.33 |         5 |
|        6 | 50 Tons de Cinza       |  0.01 |         6 |
+----------+------------------------+-------+-----------+
6 rows in set (0.109 sec)

MariaDB [locadora]> select * from genero;
+-----------+-----------+
| codGenero | descricao |
+-----------+-----------+
|         1 | Terror    |
|         2 | Comédia   |
|         3 | Drama     |
|         4 | Policial  |
|         5 | Infantil  |
|         6 | Romance   |
+-----------+-----------+
6 rows in set (0.000 sec)

MariaDB [locadora]> quit
